2021-10-14T14:44:48.671+0300 [DEBUG] [org.gradle.launcher.daemon.bootstrap.DaemonMain] Assuming the daemon was started with following jvm opts: [--add-opens, java.base/java.util=ALL-UNNAMED, --add-opens, java.base/java.lang=ALL-UNNAMED, --add-opens, java.base/java.lang.invoke=ALL-UNNAMED, --add-opens, java.base/java.util=ALL-UNNAMED, --add-opens, java.prefs/java.util.prefs=ALL-UNNAMED, --add-opens, java.prefs/java.util.prefs=ALL-UNNAMED, --add-opens, java.base/java.nio.charset=ALL-UNNAMED, --add-opens, java.base/java.net=ALL-UNNAMED, --add-opens, java.base/java.util.concurrent.atomic=ALL-UNNAMED, -Xmx2048m, -Dfile.encoding=UTF-8, -Duser.country=US, -Duser.language=en, -Duser.variant]
2021-10-14T14:44:48.839+0300 [DEBUG] [org.gradle.internal.nativeintegration.services.NativeServices] Native-platform posix files integration is not available. Continuing with fallback.
2021-10-14T14:44:48.852+0300 [INFO] [org.gradle.launcher.daemon.server.Daemon] start() called on daemon - DefaultDaemonContext[uid=be2db15c-abb4-4c21-b87a-af392aa12d6d,javaHome=C:\Program Files\Android\Android Studio\jre,daemonRegistryDir=C:\Users\brian\AndroidStudioProjects\GADS-NoteKeeperApp-2021\daemon,pid=11196,idleTimeout=10800000,priority=NORMAL,daemonOpts=--add-opens,java.base/java.util=ALL-UNNAMED,--add-opens,java.base/java.lang=ALL-UNNAMED,--add-opens,java.base/java.lang.invoke=ALL-UNNAMED,--add-opens,java.base/java.util=ALL-UNNAMED,--add-opens,java.prefs/java.util.prefs=ALL-UNNAMED,--add-opens,java.prefs/java.util.prefs=ALL-UNNAMED,--add-opens,java.base/java.nio.charset=ALL-UNNAMED,--add-opens,java.base/java.net=ALL-UNNAMED,--add-opens,java.base/java.util.concurrent.atomic=ALL-UNNAMED,-Xmx2048m,-Dfile.encoding=UTF-8,-Duser.country=US,-Duser.language=en,-Duser.variant]
2021-10-14T14:44:49.202+0300 [DEBUG] [org.gradle.internal.remote.internal.inet.InetAddresses] Adding IP addresses for network interface Software Loopback Interface 1
2021-10-14T14:44:49.205+0300 [DEBUG] [org.gradle.internal.remote.internal.inet.InetAddresses] Is this a loopback interface? true
2021-10-14T14:44:49.206+0300 [DEBUG] [org.gradle.internal.remote.internal.inet.InetAddresses] Adding loopback address /127.0.0.1
2021-10-14T14:44:49.206+0300 [DEBUG] [org.gradle.internal.remote.internal.inet.InetAddresses] Adding loopback address /0:0:0:0:0:0:0:1
2021-10-14T14:44:49.210+0300 [DEBUG] [org.gradle.internal.remote.internal.inet.InetAddresses] Adding IP addresses for network interface Microsoft Wi-Fi Direct Virtual Adapter
2021-10-14T14:44:49.212+0300 [DEBUG] [org.gradle.internal.remote.internal.inet.InetAddresses] Is this a loopback interface? false
2021-10-14T14:44:49.212+0300 [DEBUG] [org.gradle.internal.remote.internal.inet.InetAddresses] Adding remote address /fe80:0:0:0:cd33:81fb:1478:d993%wlan0
2021-10-14T14:44:49.213+0300 [DEBUG] [org.gradle.internal.remote.internal.inet.InetAddresses] Adding IP addresses for network interface Microsoft 6to4 Adapter
2021-10-14T14:44:49.216+0300 [DEBUG] [org.gradle.internal.remote.internal.inet.InetAddresses] Is this a loopback interface? false
2021-10-14T14:44:49.216+0300 [DEBUG] [org.gradle.internal.remote.internal.inet.InetAddresses] Adding IP addresses for network interface Intel(R) Wi-Fi 6 AX201 160MHz
2021-10-14T14:44:49.219+0300 [DEBUG] [org.gradle.internal.remote.internal.inet.InetAddresses] Is this a loopback interface? false
2021-10-14T14:44:49.219+0300 [DEBUG] [org.gradle.internal.remote.internal.inet.InetAddresses] Adding remote address /10.6.121.53
2021-10-14T14:44:49.219+0300 [DEBUG] [org.gradle.internal.remote.internal.inet.InetAddresses] Adding remote address /fe80:0:0:0:dc0a:f399:e17c:f364%wlan1
2021-10-14T14:44:49.219+0300 [DEBUG] [org.gradle.internal.remote.internal.inet.InetAddresses] Adding IP addresses for network interface Realtek PCIe GbE Family Controller
2021-10-14T14:44:49.222+0300 [DEBUG] [org.gradle.internal.remote.internal.inet.InetAddresses] Is this a loopback interface? false
2021-10-14T14:44:49.222+0300 [DEBUG] [org.gradle.internal.remote.internal.inet.InetAddresses] Adding remote address /fe80:0:0:0:fc41:5bdd:e39f:d572%eth0
2021-10-14T14:44:49.222+0300 [DEBUG] [org.gradle.internal.remote.internal.inet.InetAddresses] Adding IP addresses for network interface Bluetooth Device (Personal Area Network)
2021-10-14T14:44:49.225+0300 [DEBUG] [org.gradle.internal.remote.internal.inet.InetAddresses] Is this a loopback interface? false
2021-10-14T14:44:49.225+0300 [DEBUG] [org.gradle.internal.remote.internal.inet.InetAddresses] Adding remote address /fe80:0:0:0:757b:d25d:d9d2:1556%eth1
2021-10-14T14:44:49.225+0300 [DEBUG] [org.gradle.internal.remote.internal.inet.InetAddresses] Adding IP addresses for network interface WAN Miniport (IKEv2)
2021-10-14T14:44:49.227+0300 [DEBUG] [org.gradle.internal.remote.internal.inet.InetAddresses] Is this a loopback interface? false
2021-10-14T14:44:49.227+0300 [DEBUG] [org.gradle.internal.remote.internal.inet.InetAddresses] Adding IP addresses for network interface Cato Networks VPN Adapter
2021-10-14T14:44:49.229+0300 [DEBUG] [org.gradle.internal.remote.internal.inet.InetAddresses] Is this a loopback interface? false
2021-10-14T14:44:49.230+0300 [DEBUG] [org.gradle.internal.remote.internal.inet.InetAddresses] Adding remote address /fe80:0:0:0:5cc1:d741:4767:8610%eth2
2021-10-14T14:44:49.230+0300 [DEBUG] [org.gradle.internal.remote.internal.inet.InetAddresses] Adding IP addresses for network interface Microsoft IP-HTTPS Platform Adapter
2021-10-14T14:44:49.232+0300 [DEBUG] [org.gradle.internal.remote.internal.inet.InetAddresses] Is this a loopback interface? false
2021-10-14T14:44:49.232+0300 [DEBUG] [org.gradle.internal.remote.internal.inet.InetAddresses] Adding IP addresses for network interface Microsoft Kernel Debug Network Adapter
2021-10-14T14:44:49.235+0300 [DEBUG] [org.gradle.internal.remote.internal.inet.InetAddresses] Is this a loopback interface? false
2021-10-14T14:44:49.235+0300 [DEBUG] [org.gradle.internal.remote.internal.inet.InetAddresses] Adding IP addresses for network interface WAN Miniport (PPTP)
2021-10-14T14:44:49.238+0300 [DEBUG] [org.gradle.internal.remote.internal.inet.InetAddresses] Is this a loopback interface? false
2021-10-14T14:44:49.238+0300 [DEBUG] [org.gradle.internal.remote.internal.inet.InetAddresses] Adding IP addresses for network interface WAN Miniport (IPv6)
2021-10-14T14:44:49.241+0300 [DEBUG] [org.gradle.internal.remote.internal.inet.InetAddresses] Is this a loopback interface? false
2021-10-14T14:44:49.242+0300 [DEBUG] [org.gradle.internal.remote.internal.inet.InetAddresses] Adding IP addresses for network interface WAN Miniport (Network Monitor)
2021-10-14T14:44:49.244+0300 [DEBUG] [org.gradle.internal.remote.internal.inet.InetAddresses] Is this a loopback interface? false
2021-10-14T14:44:49.244+0300 [DEBUG] [org.gradle.internal.remote.internal.inet.InetAddresses] Adding IP addresses for network interface Microsoft Wi-Fi Direct Virtual Adapter #2
2021-10-14T14:44:49.246+0300 [DEBUG] [org.gradle.internal.remote.internal.inet.InetAddresses] Is this a loopback interface? false
2021-10-14T14:44:49.246+0300 [DEBUG] [org.gradle.internal.remote.internal.inet.InetAddresses] Adding remote address /fe80:0:0:0:d96:e3e9:c42c:d90e%wlan2
2021-10-14T14:44:49.246+0300 [DEBUG] [org.gradle.internal.remote.internal.inet.InetAddresses] Adding IP addresses for network interface WAN Miniport (IP)
2021-10-14T14:44:49.248+0300 [DEBUG] [org.gradle.internal.remote.internal.inet.InetAddresses] Is this a loopback interface? false
2021-10-14T14:44:49.249+0300 [DEBUG] [org.gradle.internal.remote.internal.inet.InetAddresses] Adding IP addresses for network interface WAN Miniport (L2TP)
2021-10-14T14:44:49.251+0300 [DEBUG] [org.gradle.internal.remote.internal.inet.InetAddresses] Is this a loopback interface? false
2021-10-14T14:44:49.251+0300 [DEBUG] [org.gradle.internal.remote.internal.inet.InetAddresses] Adding IP addresses for network interface Microsoft Teredo Tunneling Adapter
2021-10-14T14:44:49.253+0300 [DEBUG] [org.gradle.internal.remote.internal.inet.InetAddresses] Is this a loopback interface? false
2021-10-14T14:44:49.253+0300 [DEBUG] [org.gradle.internal.remote.internal.inet.InetAddresses] Adding IP addresses for network interface WAN Miniport (PPPOE)
2021-10-14T14:44:49.255+0300 [DEBUG] [org.gradle.internal.remote.internal.inet.InetAddresses] Is this a loopback interface? false
2021-10-14T14:44:49.256+0300 [DEBUG] [org.gradle.internal.remote.internal.inet.InetAddresses] Adding IP addresses for network interface WAN Miniport (SSTP)
2021-10-14T14:44:49.258+0300 [DEBUG] [org.gradle.internal.remote.internal.inet.InetAddresses] Is this a loopback interface? false
2021-10-14T14:44:49.258+0300 [DEBUG] [org.gradle.internal.remote.internal.inet.InetAddresses] Adding IP addresses for network interface Cato Networks VPN Adapter-WFP Native MAC Layer LightWeight Filter-0000
2021-10-14T14:44:49.260+0300 [DEBUG] [org.gradle.internal.remote.internal.inet.InetAddresses] Is this a loopback interface? false
2021-10-14T14:44:49.261+0300 [DEBUG] [org.gradle.internal.remote.internal.inet.InetAddresses] Adding IP addresses for network interface Cato Networks VPN Adapter-QoS Packet Scheduler-0000
2021-10-14T14:44:49.263+0300 [DEBUG] [org.gradle.internal.remote.internal.inet.InetAddresses] Is this a loopback interface? false
2021-10-14T14:44:49.263+0300 [DEBUG] [org.gradle.internal.remote.internal.inet.InetAddresses] Adding IP addresses for network interface Cato Networks VPN Adapter-WFP 802.3 MAC Layer LightWeight Filter-0000
2021-10-14T14:44:49.265+0300 [DEBUG] [org.gradle.internal.remote.internal.inet.InetAddresses] Is this a loopback interface? false
2021-10-14T14:44:49.265+0300 [DEBUG] [org.gradle.internal.remote.internal.inet.InetAddresses] Adding IP addresses for network interface Realtek PCIe GbE Family Controller-WFP Native MAC Layer LightWeight Filter-0000
2021-10-14T14:44:49.268+0300 [DEBUG] [org.gradle.internal.remote.internal.inet.InetAddresses] Is this a loopback interface? false
2021-10-14T14:44:49.268+0300 [DEBUG] [org.gradle.internal.remote.internal.inet.InetAddresses] Adding IP addresses for network interface Realtek PCIe GbE Family Controller-QoS Packet Scheduler-0000
2021-10-14T14:44:49.270+0300 [DEBUG] [org.gradle.internal.remote.internal.inet.InetAddresses] Is this a loopback interface? false
2021-10-14T14:44:49.270+0300 [DEBUG] [org.gradle.internal.remote.internal.inet.InetAddresses] Adding IP addresses for network interface Realtek PCIe GbE Family Controller-WFP 802.3 MAC Layer LightWeight Filter-0000
2021-10-14T14:44:49.272+0300 [DEBUG] [org.gradle.internal.remote.internal.inet.InetAddresses] Is this a loopback interface? false
2021-10-14T14:44:49.272+0300 [DEBUG] [org.gradle.internal.remote.internal.inet.InetAddresses] Adding IP addresses for network interface Intel(R) Wi-Fi 6 AX201 160MHz-WFP Native MAC Layer LightWeight Filter-0000
2021-10-14T14:44:49.274+0300 [DEBUG] [org.gradle.internal.remote.internal.inet.InetAddresses] Is this a loopback interface? false
2021-10-14T14:44:49.275+0300 [DEBUG] [org.gradle.internal.remote.internal.inet.InetAddresses] Adding IP addresses for network interface Intel(R) Wi-Fi 6 AX201 160MHz-Virtual WiFi Filter Driver-0000
2021-10-14T14:44:49.277+0300 [DEBUG] [org.gradle.internal.remote.internal.inet.InetAddresses] Is this a loopback interface? false
2021-10-14T14:44:49.277+0300 [DEBUG] [org.gradle.internal.remote.internal.inet.InetAddresses] Adding IP addresses for network interface Intel(R) Wi-Fi 6 AX201 160MHz-Native WiFi Filter Driver-0000
2021-10-14T14:44:49.279+0300 [DEBUG] [org.gradle.internal.remote.internal.inet.InetAddresses] Is this a loopback interface? false
2021-10-14T14:44:49.279+0300 [DEBUG] [org.gradle.internal.remote.internal.inet.InetAddresses] Adding IP addresses for network interface Intel(R) Wi-Fi 6 AX201 160MHz-QoS Packet Scheduler-0000
2021-10-14T14:44:49.281+0300 [DEBUG] [org.gradle.internal.remote.internal.inet.InetAddresses] Is this a loopback interface? false
2021-10-14T14:44:49.282+0300 [DEBUG] [org.gradle.internal.remote.internal.inet.InetAddresses] Adding IP addresses for network interface Intel(R) Wi-Fi 6 AX201 160MHz-WFP 802.3 MAC Layer LightWeight Filter-0000
2021-10-14T14:44:49.284+0300 [DEBUG] [org.gradle.internal.remote.internal.inet.InetAddresses] Is this a loopback interface? false
2021-10-14T14:44:49.285+0300 [DEBUG] [org.gradle.internal.remote.internal.inet.InetAddresses] Adding IP addresses for network interface Microsoft Wi-Fi Direct Virtual Adapter-WFP Native MAC Layer LightWeight Filter-0000
2021-10-14T14:44:49.287+0300 [DEBUG] [org.gradle.internal.remote.internal.inet.InetAddresses] Is this a loopback interface? false
2021-10-14T14:44:49.288+0300 [DEBUG] [org.gradle.internal.remote.internal.inet.InetAddresses] Adding IP addresses for network interface Microsoft Wi-Fi Direct Virtual Adapter-Native WiFi Filter Driver-0000
2021-10-14T14:44:49.290+0300 [DEBUG] [org.gradle.internal.remote.internal.inet.InetAddresses] Is this a loopback interface? false
2021-10-14T14:44:49.290+0300 [DEBUG] [org.gradle.internal.remote.internal.inet.InetAddresses] Adding IP addresses for network interface Microsoft Wi-Fi Direct Virtual Adapter-QoS Packet Scheduler-0000
2021-10-14T14:44:49.292+0300 [DEBUG] [org.gradle.internal.remote.internal.inet.InetAddresses] Is this a loopback interface? false
2021-10-14T14:44:49.293+0300 [DEBUG] [org.gradle.internal.remote.internal.inet.InetAddresses] Adding IP addresses for network interface Microsoft Wi-Fi Direct Virtual Adapter-WFP 802.3 MAC Layer LightWeight Filter-0000
2021-10-14T14:44:49.295+0300 [DEBUG] [org.gradle.internal.remote.internal.inet.InetAddresses] Is this a loopback interface? false
2021-10-14T14:44:49.295+0300 [DEBUG] [org.gradle.internal.remote.internal.inet.InetAddresses] Adding IP addresses for network interface Microsoft Wi-Fi Direct Virtual Adapter #2-WFP Native MAC Layer LightWeight Filter-0000
2021-10-14T14:44:49.297+0300 [DEBUG] [org.gradle.internal.remote.internal.inet.InetAddresses] Is this a loopback interface? false
2021-10-14T14:44:49.297+0300 [DEBUG] [org.gradle.internal.remote.internal.inet.InetAddresses] Adding IP addresses for network interface Microsoft Wi-Fi Direct Virtual Adapter #2-Native WiFi Filter Driver-0000
2021-10-14T14:44:49.300+0300 [DEBUG] [org.gradle.internal.remote.internal.inet.InetAddresses] Is this a loopback interface? false
2021-10-14T14:44:49.300+0300 [DEBUG] [org.gradle.internal.remote.internal.inet.InetAddresses] Adding IP addresses for network interface Microsoft Wi-Fi Direct Virtual Adapter #2-QoS Packet Scheduler-0000
2021-10-14T14:44:49.302+0300 [DEBUG] [org.gradle.internal.remote.internal.inet.InetAddresses] Is this a loopback interface? false
2021-10-14T14:44:49.302+0300 [DEBUG] [org.gradle.internal.remote.internal.inet.InetAddresses] Adding IP addresses for network interface Microsoft Wi-Fi Direct Virtual Adapter #2-WFP 802.3 MAC Layer LightWeight Filter-0000
2021-10-14T14:44:49.305+0300 [DEBUG] [org.gradle.internal.remote.internal.inet.InetAddresses] Is this a loopback interface? false
2021-10-14T14:44:49.308+0300 [DEBUG] [org.gradle.internal.remote.internal.inet.TcpIncomingConnector] Listening on [b3ed28a6-24a7-4e44-b839-f8cfb36c3cf2 port:53780, addresses:[localhost/127.0.0.1]].
2021-10-14T14:44:49.317+0300 [DEBUG] [org.gradle.launcher.daemon.server.Daemon] Daemon starting at: Thu Oct 14 14:44:49 EAT 2021, with address: [b3ed28a6-24a7-4e44-b839-f8cfb36c3cf2 port:53780, addresses:[localhost/127.0.0.1]]
2021-10-14T14:44:49.318+0300 [INFO] [org.gradle.launcher.daemon.server.DaemonRegistryUpdater] Advertising the daemon address to the clients: [b3ed28a6-24a7-4e44-b839-f8cfb36c3cf2 port:53780, addresses:[localhost/127.0.0.1]]
2021-10-14T14:44:49.318+0300 [DEBUG] [org.gradle.launcher.daemon.server.DaemonRegistryUpdater] Advertised daemon context: DefaultDaemonContext[uid=be2db15c-abb4-4c21-b87a-af392aa12d6d,javaHome=C:\Program Files\Android\Android Studio\jre,daemonRegistryDir=C:\Users\brian\AndroidStudioProjects\GADS-NoteKeeperApp-2021\daemon,pid=11196,idleTimeout=10800000,priority=NORMAL,daemonOpts=--add-opens,java.base/java.util=ALL-UNNAMED,--add-opens,java.base/java.lang=ALL-UNNAMED,--add-opens,java.base/java.lang.invoke=ALL-UNNAMED,--add-opens,java.base/java.util=ALL-UNNAMED,--add-opens,java.prefs/java.util.prefs=ALL-UNNAMED,--add-opens,java.prefs/java.util.prefs=ALL-UNNAMED,--add-opens,java.base/java.nio.charset=ALL-UNNAMED,--add-opens,java.base/java.net=ALL-UNNAMED,--add-opens,java.base/java.util.concurrent.atomic=ALL-UNNAMED,-Xmx2048m,-Dfile.encoding=UTF-8,-Duser.country=US,-Duser.language=en,-Duser.variant]
2021-10-14T14:44:49.320+0300 [DEBUG] [org.gradle.launcher.daemon.registry.PersistentDaemonRegistry] Storing daemon address: [b3ed28a6-24a7-4e44-b839-f8cfb36c3cf2 port:53780, addresses:[localhost/127.0.0.1]], context: DefaultDaemonContext[uid=be2db15c-abb4-4c21-b87a-af392aa12d6d,javaHome=C:\Program Files\Android\Android Studio\jre,daemonRegistryDir=C:\Users\brian\AndroidStudioProjects\GADS-NoteKeeperApp-2021\daemon,pid=11196,idleTimeout=10800000,priority=NORMAL,daemonOpts=--add-opens,java.base/java.util=ALL-UNNAMED,--add-opens,java.base/java.lang=ALL-UNNAMED,--add-opens,java.base/java.lang.invoke=ALL-UNNAMED,--add-opens,java.base/java.util=ALL-UNNAMED,--add-opens,java.prefs/java.util.prefs=ALL-UNNAMED,--add-opens,java.prefs/java.util.prefs=ALL-UNNAMED,--add-opens,java.base/java.nio.charset=ALL-UNNAMED,--add-opens,java.base/java.net=ALL-UNNAMED,--add-opens,java.base/java.util.concurrent.atomic=ALL-UNNAMED,-Xmx2048m,-Dfile.encoding=UTF-8,-Duser.country=US,-Duser.language=en,-Duser.variant]
2021-10-14T14:44:49.329+0300 [DEBUG] [org.gradle.cache.internal.DefaultFileLockManager] Waiting to acquire exclusive lock on daemon addresses registry.
2021-10-14T14:44:49.332+0300 [DEBUG] [org.gradle.cache.internal.DefaultFileLockManager] Lock acquired on daemon addresses registry.
2021-10-14T14:44:49.337+0300 [DEBUG] [org.gradle.cache.internal.DefaultFileLockManager] Releasing lock on daemon addresses registry.
2021-10-14T14:44:49.337+0300 [LIFECYCLE] [org.gradle.launcher.daemon.server.Daemon] Daemon server started.
2021-10-14T14:44:49.339+0300 [DEBUG] [org.gradle.launcher.daemon.bootstrap.DaemonStartupCommunication] Completed writing the daemon greeting. Closing streams...
2021-10-14T14:44:49.344+0300 [DEBUG] [org.gradle.internal.remote.internal.inet.TcpIncomingConnector] Accepted connection from /127.0.0.1:53781 to /127.0.0.1:53780.
2021-10-14T14:44:49.345+0300 [DEBUG] [org.gradle.launcher.daemon.server.Daemon] stopOnExpiration() called on daemon
2021-10-14T14:44:49.349+0300 [DEBUG] [org.gradle.launcher.daemon.server.Daemon] awaitExpiration() called on daemon
2021-10-14T14:44:49.350+0300 [DEBUG] [org.gradle.launcher.daemon.server.DaemonStateCoordinator] daemon is running. Sleeping until state changes.
2021-10-14T14:44:49.440+0300 [DEBUG] [org.gradle.launcher.daemon.server.SynchronizedDispatchConnection] thread 20: received class org.gradle.launcher.daemon.protocol.Build
2021-10-14T14:44:49.440+0300 [DEBUG] [org.gradle.launcher.daemon.server.DefaultDaemonConnection] thread 20: Received non-IO message from client: Build{id=8cc26e1a-06be-4bcf-81c4-0a773f37e7eb, currentDir=C:\Users\brian\AndroidStudioProjects\GADS-NoteKeeperApp-2021}
2021-10-14T14:44:49.441+0300 [INFO] [org.gradle.launcher.daemon.server.DefaultIncomingConnectionHandler] Received command: Build{id=8cc26e1a-06be-4bcf-81c4-0a773f37e7eb, currentDir=C:\Users\brian\AndroidStudioProjects\GADS-NoteKeeperApp-2021}.
2021-10-14T14:44:49.441+0300 [DEBUG] [org.gradle.launcher.daemon.server.DefaultIncomingConnectionHandler] Starting executing command: Build{id=8cc26e1a-06be-4bcf-81c4-0a773f37e7eb, currentDir=C:\Users\brian\AndroidStudioProjects\GADS-NoteKeeperApp-2021} with connection: socket connection from /127.0.0.1:53780 to /127.0.0.1:53781.
2021-10-14T14:44:49.445+0300 [DEBUG] [org.gradle.launcher.daemon.server.DaemonStateCoordinator] Command execution: started DaemonCommandExecution[command = Build{id=8cc26e1a-06be-4bcf-81c4-0a773f37e7eb, currentDir=C:\Users\brian\AndroidStudioProjects\GADS-NoteKeeperApp-2021}, connection = DefaultDaemonConnection: socket connection from /127.0.0.1:53780 to /127.0.0.1:53781] after 0.0 minutes of idle
2021-10-14T14:44:49.445+0300 [INFO] [org.gradle.launcher.daemon.server.DaemonRegistryUpdater] Marking the daemon as busy, address: [b3ed28a6-24a7-4e44-b839-f8cfb36c3cf2 port:53780, addresses:[localhost/127.0.0.1]]
2021-10-14T14:44:49.445+0300 [DEBUG] [org.gradle.launcher.daemon.registry.PersistentDaemonRegistry] Marking busy by address: [b3ed28a6-24a7-4e44-b839-f8cfb36c3cf2 port:53780, addresses:[localhost/127.0.0.1]]
2021-10-14T14:44:49.447+0300 [DEBUG] [org.gradle.cache.internal.DefaultFileLockManager] Waiting to acquire exclusive lock on daemon addresses registry.
2021-10-14T14:44:49.448+0300 [DEBUG] [org.gradle.cache.internal.DefaultFileLockManager] Lock acquired on daemon addresses registry.
2021-10-14T14:44:49.449+0300 [DEBUG] [org.gradle.cache.internal.DefaultFileLockManager] Releasing lock on daemon addresses registry.
2021-10-14T14:44:49.450+0300 [DEBUG] [org.gradle.launcher.daemon.server.DaemonStateCoordinator] resetting idle timer
2021-10-14T14:44:49.450+0300 [DEBUG] [org.gradle.launcher.daemon.server.DaemonStateCoordinator] daemon is running. Sleeping until state changes.
2021-10-14T14:44:49.452+0300 [INFO] [org.gradle.launcher.daemon.server.exec.StartBuildOrRespondWithBusy] Daemon is about to start building Build{id=8cc26e1a-06be-4bcf-81c4-0a773f37e7eb, currentDir=C:\Users\brian\AndroidStudioProjects\GADS-NoteKeeperApp-2021}. Dispatching build started information...
2021-10-14T14:44:49.452+0300 [DEBUG] [org.gradle.launcher.daemon.server.SynchronizedDispatchConnection] thread 22: dispatching org.gradle.launcher.daemon.protocol.BuildStarted@371a6473
2021-10-14T14:44:49.454+0300 [DEBUG] [org.gradle.launcher.daemon.server.SynchronizedDispatchConnection] thread 20: received class org.gradle.launcher.daemon.protocol.CloseInput
2021-10-14T14:44:49.454+0300 [DEBUG] [org.gradle.launcher.daemon.server.DefaultDaemonConnection] thread 20: Received IO message from client: org.gradle.launcher.daemon.protocol.CloseInput@78f569d6
2021-10-14T14:44:49.455+0300 [DEBUG] [org.gradle.launcher.daemon.server.exec.EstablishBuildEnvironment] Configuring env variables: [USERDOMAIN_ROAMINGPROFILE, LOCALAPPDATA, PROCESSOR_LEVEL, USERDOMAIN, LOGONSERVER, FPS_BROWSER_APP_PROFILE_STRING, SESSIONNAME, ALLUSERSPROFILE, PROCESSOR_ARCHITECTURE, PSModulePath, SystemDrive, OneDrive, APPDATA, USERNAME, ProgramFiles(x86), CommonProgramFiles, Path, FPS_BROWSER_USER_PROFILE_STRING, PATHEXT, DriverData, OS, OneDriveConsumer, COMPUTERNAME, PROCESSOR_REVISION, CommonProgramW6432, ComSpec, ProgramData, WXDRIVE_START_ARGS, ProgramW6432, SystemRoot, HOMEPATH, TEMP, PROCESSOR_IDENTIFIER, HOMEDRIVE, USERPROFILE, TMP, CommonProgramFiles(x86), ProgramFiles, PUBLIC, windir, NUMBER_OF_PROCESSORS, =::, IDEA_INITIAL_DIRECTORY]
2021-10-14T14:44:49.465+0300 [DEBUG] [org.gradle.launcher.daemon.server.exec.LogToClient] About to start relaying all logs to the client via the connection.
2021-10-14T14:44:49.465+0300 [INFO] [org.gradle.launcher.daemon.server.exec.LogToClient] The client will now receive all logging from the daemon (pid: 11196). The daemon log file: C:\Users\brian\AndroidStudioProjects\GADS-NoteKeeperApp-2021\daemon\7.0.2\daemon-11196.out.log
2021-10-14T14:44:49.468+0300 [INFO] [org.gradle.launcher.daemon.server.exec.LogAndCheckHealth] Starting build in new daemon [memory: 2 GiB]
2021-10-14T14:44:49.471+0300 [INFO] [org.gradle.launcher.daemon.server.exec.ForwardClientInput] Closing daemon's stdin at end of input.
2021-10-14T14:44:49.471+0300 [INFO] [org.gradle.launcher.daemon.server.exec.ForwardClientInput] The daemon will no longer process any standard input.
2021-10-14T14:44:49.477+0300 [DEBUG] [org.gradle.launcher.daemon.server.exec.ExecuteBuild] The daemon has started executing the build.
2021-10-14T14:44:49.478+0300 [DEBUG] [org.gradle.launcher.daemon.server.exec.ExecuteBuild] Executing build with daemon context: DefaultDaemonContext[uid=be2db15c-abb4-4c21-b87a-af392aa12d6d,javaHome=C:\Program Files\Android\Android Studio\jre,daemonRegistryDir=C:\Users\brian\AndroidStudioProjects\GADS-NoteKeeperApp-2021\daemon,pid=11196,idleTimeout=10800000,priority=NORMAL,daemonOpts=--add-opens,java.base/java.util=ALL-UNNAMED,--add-opens,java.base/java.lang=ALL-UNNAMED,--add-opens,java.base/java.lang.invoke=ALL-UNNAMED,--add-opens,java.base/java.util=ALL-UNNAMED,--add-opens,java.prefs/java.util.prefs=ALL-UNNAMED,--add-opens,java.prefs/java.util.prefs=ALL-UNNAMED,--add-opens,java.base/java.nio.charset=ALL-UNNAMED,--add-opens,java.base/java.net=ALL-UNNAMED,--add-opens,java.base/java.util.concurrent.atomic=ALL-UNNAMED,-Xmx2048m,-Dfile.encoding=UTF-8,-Duser.country=US,-Duser.language=en,-Duser.variant]
Warning: The 'kotlin-android-extensions' Gradle plugin is deprecated. Please use this migration guide (https://goo.gle/kotlin-android-extensions-deprecation) to start working with View Binding (https://developer.android.com/topic/libraries/view-binding) and the 'kotlin-parcelize' plugin.

Deprecated Gradle features were used in this build, making it incompatible with Gradle 8.0.
Use '--warning-mode all' to show the individual deprecation warnings.
See https://docs.gradle.org/7.0.2/userguide/command_line_interface.html#sec:command_line_warnings

BUILD SUCCESSFUL in 24s
58 actionable tasks: 58 up-to-date
2021-10-14T14:45:11.896+0300 [DEBUG] [org.gradle.launcher.daemon.server.exec.ExecuteBuild] The daemon has finished executing the build.
2021-10-14T14:45:11.916+0300 [DEBUG] [org.gradle.launcher.daemon.server.DaemonStateCoordinator] daemon is running. Sleeping until state changes.
2021-10-14T14:45:11.916+0300 [DEBUG] [org.gradle.launcher.daemon.server.DaemonStateCoordinator] Command execution: finished waiting for DaemonCommandExecution[command = Build{id=8cc26e1a-06be-4bcf-81c4-0a773f37e7eb, currentDir=C:\Users\brian\AndroidStudioProjects\GADS-NoteKeeperApp-2021}, connection = DefaultDaemonConnection: socket connection from /127.0.0.1:53780 to /127.0.0.1:53781]. Result org.gradle.launcher.daemon.server.DaemonStateCoordinator@15dd662c with state Busy
2021-10-14T14:45:11.918+0300 [DEBUG] [org.gradle.launcher.daemon.server.DaemonStateCoordinator] Command execution: completed DaemonCommandExecution[command = Build{id=8cc26e1a-06be-4bcf-81c4-0a773f37e7eb, currentDir=C:\Users\brian\AndroidStudioProjects\GADS-NoteKeeperApp-2021}, connection = DefaultDaemonConnection: socket connection from /127.0.0.1:53780 to /127.0.0.1:53781]
2021-10-14T14:45:11.918+0300 [DEBUG] [org.gradle.launcher.daemon.server.DaemonStateCoordinator] resetting idle timer
2021-10-14T14:45:11.918+0300 [INFO] [org.gradle.launcher.daemon.server.DaemonRegistryUpdater] Marking the daemon as idle, address: [b3ed28a6-24a7-4e44-b839-f8cfb36c3cf2 port:53780, addresses:[localhost/127.0.0.1]]
2021-10-14T14:45:11.918+0300 [DEBUG] [org.gradle.launcher.daemon.registry.PersistentDaemonRegistry] Marking busy by address: [b3ed28a6-24a7-4e44-b839-f8cfb36c3cf2 port:53780, addresses:[localhost/127.0.0.1]]
2021-10-14T14:45:11.919+0300 [DEBUG] [org.gradle.cache.internal.DefaultFileLockManager] Waiting to acquire exclusive lock on daemon addresses registry.
2021-10-14T14:45:11.920+0300 [DEBUG] [org.gradle.cache.internal.DefaultFileLockManager] Lock acquired on daemon addresses registry.
2021-10-14T14:45:11.922+0300 [DEBUG] [org.gradle.cache.internal.DefaultFileLockManager] Releasing lock on daemon addresses registry.
2021-10-14T14:45:11.923+0300 [DEBUG] [org.gradle.launcher.daemon.server.exec.ReturnResult] Daemon is dispatching the build result: Success[value=org.gradle.launcher.exec.BuildActionResult@43776cc5]
2021-10-14T14:45:11.924+0300 [DEBUG] [org.gradle.launcher.daemon.server.SynchronizedDispatchConnection] thread 19: dispatching Success[value=org.gradle.launcher.exec.BuildActionResult@43776cc5]
2021-10-14T14:45:11.924+0300 [DEBUG] [org.gradle.launcher.daemon.server.DaemonStateCoordinator] daemon is running. Sleeping until state changes.
2021-10-14T14:45:11.926+0300 [DEBUG] [org.gradle.launcher.daemon.server.DefaultIncomingConnectionHandler] Finishing executing command: Build{id=8cc26e1a-06be-4bcf-81c4-0a773f37e7eb, currentDir=C:\Users\brian\AndroidStudioProjects\GADS-NoteKeeperApp-2021}
2021-10-14T14:45:11.927+0300 [DEBUG] [org.gradle.launcher.daemon.server.SynchronizedDispatchConnection] thread 20: received class org.gradle.launcher.daemon.protocol.Finished
2021-10-14T14:45:11.927+0300 [DEBUG] [org.gradle.launcher.daemon.server.DefaultDaemonConnection] thread 20: Received non-IO message from client: org.gradle.launcher.daemon.protocol.Finished@215634be
2021-10-14T14:45:11.927+0300 [DEBUG] [org.gradle.launcher.daemon.server.DefaultIncomingConnectionHandler] Received finished message: org.gradle.launcher.daemon.protocol.Finished@215634be
2021-10-14T14:45:11.928+0300 [DEBUG] [org.gradle.internal.remote.internal.inet.SocketConnection] Discarding EOFException: java.io.EOFException
2021-10-14T14:45:11.928+0300 [DEBUG] [org.gradle.launcher.daemon.server.SynchronizedDispatchConnection] thread 19: stopping connection
2021-10-14T14:45:11.928+0300 [DEBUG] [org.gradle.launcher.daemon.server.SynchronizedDispatchConnection] thread 20: received null
2021-10-14T14:45:11.928+0300 [DEBUG] [org.gradle.launcher.daemon.server.DefaultDaemonConnection] thread 20: Received end-of-input from client.
2021-10-14T14:45:11.931+0300 [DEBUG] [org.gradle.launcher.daemon.server.SynchronizedDispatchConnection] thread 19: stopping connection
2021-10-14T14:45:16.412+0300 [DEBUG] [org.gradle.process.internal.health.memory.DefaultMemoryManager] 1265190502 memory requested, 953786368 free
2021-10-14T14:45:16.413+0300 [DEBUG] [org.gradle.workers.internal.WorkerDaemonExpiration] Will attempt to release 1206 of memory
2021-10-14T14:45:16.413+0300 [DEBUG] [org.gradle.process.internal.health.memory.DefaultMemoryManager] 1265190502 memory requested, 0 released, 953786368 free
2021-10-14T14:45:19.365+0300 [DEBUG] [org.gradle.cache.internal.DefaultFileLockManager] Waiting to acquire shared lock on daemon addresses registry.
2021-10-14T14:45:19.365+0300 [DEBUG] [org.gradle.cache.internal.DefaultFileLockManager] Lock acquired on daemon addresses registry.
2021-10-14T14:45:19.365+0300 [DEBUG] [org.gradle.cache.internal.DefaultFileLockManager] Releasing lock on daemon addresses registry.
2021-10-14T14:45:19.367+0300 [DEBUG] [org.gradle.cache.internal.DefaultFileLockManager] Waiting to acquire shared lock on daemon addresses registry.
2021-10-14T14:45:19.367+0300 [DEBUG] [org.gradle.cache.internal.DefaultFileLockManager] Lock acquired on daemon addresses registry.
2021-10-14T14:45:19.368+0300 [DEBUG] [org.gradle.cache.internal.DefaultFileLockManager] Releasing lock on daemon addresses registry.
2021-10-14T14:45:21.403+0300 [DEBUG] [org.gradle.process.internal.health.memory.DefaultMemoryManager] 1265190502 memory requested, 748843008 free
2021-10-14T14:45:21.403+0300 [DEBUG] [org.gradle.workers.internal.WorkerDaemonExpiration] Will attempt to release 1206 of memory
2021-10-14T14:45:21.403+0300 [DEBUG] [org.gradle.process.internal.health.memory.DefaultMemoryManager] 1265190502 memory requested, 0 released, 748843008 free
2021-10-14T14:45:26.402+0300 [DEBUG] [org.gradle.process.internal.health.memory.DefaultMemoryManager] 1265190502 memory requested, 644939776 free
2021-10-14T14:45:26.402+0300 [DEBUG] [org.gradle.workers.internal.WorkerDaemonExpiration] Will attempt to release 1206 of memory
2021-10-14T14:45:26.402+0300 [DEBUG] [org.gradle.process.internal.health.memory.DefaultMemoryManager] 1265190502 memory requested, 0 released, 644939776 free
2021-10-14T14:45:29.357+0300 [DEBUG] [org.gradle.cache.internal.DefaultFileLockManager] Waiting to acquire shared lock on daemon addresses registry.
2021-10-14T14:45:29.358+0300 [DEBUG] [org.gradle.cache.internal.DefaultFileLockManager] Lock acquired on daemon addresses registry.
2021-10-14T14:45:29.358+0300 [DEBUG] [org.gradle.cache.internal.DefaultFileLockManager] Releasing lock on daemon addresses registry.
2021-10-14T14:45:29.360+0300 [DEBUG] [org.gradle.cache.internal.DefaultFileLockManager] Waiting to acquire shared lock on daemon addresses registry.
2021-10-14T14:45:29.360+0300 [DEBUG] [org.gradle.cache.internal.DefaultFileLockManager] Lock acquired on daemon addresses registry.
2021-10-14T14:45:29.361+0300 [DEBUG] [org.gradle.cache.internal.DefaultFileLockManager] Releasing lock on daemon addresses registry.
2021-10-14T14:45:29.362+0300 [DEBUG] [org.gradle.cache.internal.DefaultFileLockManager] Waiting to acquire shared lock on daemon addresses registry.
2021-10-14T14:45:29.362+0300 [DEBUG] [org.gradle.cache.internal.DefaultFileLockManager] Lock acquired on daemon addresses registry.
2021-10-14T14:45:29.362+0300 [DEBUG] [org.gradle.cache.internal.DefaultFileLockManager] Releasing lock on daemon addresses registry.
2021-10-14T14:45:31.410+0300 [DEBUG] [org.gradle.process.internal.health.memory.DefaultMemoryManager] 1265190502 memory requested, 823185408 free
2021-10-14T14:45:31.410+0300 [DEBUG] [org.gradle.workers.internal.WorkerDaemonExpiration] Will attempt to release 1206 of memory
2021-10-14T14:45:31.410+0300 [DEBUG] [org.gradle.process.internal.health.memory.DefaultMemoryManager] 1265190502 memory requested, 0 released, 823185408 free
2021-10-14T14:45:36.404+0300 [DEBUG] [org.gradle.process.internal.health.memory.DefaultMemoryManager] 1265190502 memory requested, 814583808 free
2021-10-14T14:45:36.405+0300 [DEBUG] [org.gradle.workers.internal.WorkerDaemonExpiration] Will attempt to release 1206 of memory
2021-10-14T14:45:36.405+0300 [DEBUG] [org.gradle.process.internal.health.memory.DefaultMemoryManager] 1265190502 memory requested, 0 released, 814583808 free
2021-10-14T14:45:39.351+0300 [DEBUG] [org.gradle.cache.internal.DefaultFileLockManager] Waiting to acquire shared lock on daemon addresses registry.
2021-10-14T14:45:39.352+0300 [DEBUG] [org.gradle.cache.internal.DefaultFileLockManager] Lock acquired on daemon addresses registry.
2021-10-14T14:45:39.352+0300 [DEBUG] [org.gradle.cache.internal.DefaultFileLockManager] Releasing lock on daemon addresses registry.
2021-10-14T14:45:39.353+0300 [DEBUG] [org.gradle.cache.internal.DefaultFileLockManager] Waiting to acquire shared lock on daemon addresses registry.
2021-10-14T14:45:39.353+0300 [DEBUG] [org.gradle.cache.internal.DefaultFileLockManager] Lock acquired on daemon addresses registry.
2021-10-14T14:45:39.353+0300 [DEBUG] [org.gradle.cache.internal.DefaultFileLockManager] Releasing lock on daemon addresses registry.
2021-10-14T14:45:39.354+0300 [DEBUG] [org.gradle.cache.internal.DefaultFileLockManager] Waiting to acquire shared lock on daemon addresses registry.
2021-10-14T14:45:39.354+0300 [DEBUG] [org.gradle.cache.internal.DefaultFileLockManager] Lock acquired on daemon addresses registry.
2021-10-14T14:45:39.355+0300 [DEBUG] [org.gradle.cache.internal.DefaultFileLockManager] Releasing lock on daemon addresses registry.
2021-10-14T14:45:41.398+0300 [DEBUG] [org.gradle.process.internal.health.memory.DefaultMemoryManager] 1265190502 memory requested, 837545984 free
2021-10-14T14:45:41.399+0300 [DEBUG] [org.gradle.workers.internal.WorkerDaemonExpiration] Will attempt to release 1206 of memory
2021-10-14T14:45:41.399+0300 [DEBUG] [org.gradle.process.internal.health.memory.DefaultMemoryManager] 1265190502 memory requested, 0 released, 837545984 free
2021-10-14T14:45:46.412+0300 [DEBUG] [org.gradle.process.internal.health.memory.DefaultMemoryManager] 1265190502 memory requested, 851390464 free
2021-10-14T14:45:46.413+0300 [DEBUG] [org.gradle.workers.internal.WorkerDaemonExpiration] Will attempt to release 1206 of memory
2021-10-14T14:45:46.413+0300 [DEBUG] [org.gradle.process.internal.health.memory.DefaultMemoryManager] 1265190502 memory requested, 0 released, 851390464 free
2021-10-14T14:45:49.356+0300 [DEBUG] [org.gradle.cache.internal.DefaultFileLockManager] Waiting to acquire shared lock on daemon addresses registry.
2021-10-14T14:45:49.356+0300 [DEBUG] [org.gradle.cache.internal.DefaultFileLockManager] Lock acquired on daemon addresses registry.
2021-10-14T14:45:49.357+0300 [DEBUG] [org.gradle.cache.internal.DefaultFileLockManager] Releasing lock on daemon addresses registry.
2021-10-14T14:45:49.359+0300 [DEBUG] [org.gradle.cache.internal.DefaultFileLockManager] Waiting to acquire shared lock on daemon addresses registry.
2021-10-14T14:45:49.359+0300 [DEBUG] [org.gradle.cache.internal.DefaultFileLockManager] Lock acquired on daemon addresses registry.
2021-10-14T14:45:49.359+0300 [DEBUG] [org.gradle.cache.internal.DefaultFileLockManager] Releasing lock on daemon addresses registry.
2021-10-14T14:45:49.360+0300 [DEBUG] [org.gradle.cache.internal.DefaultFileLockManager] Waiting to acquire shared lock on daemon addresses registry.
2021-10-14T14:45:49.360+0300 [DEBUG] [org.gradle.cache.internal.DefaultFileLockManager] Lock acquired on daemon addresses registry.
2021-10-14T14:45:49.361+0300 [DEBUG] [org.gradle.cache.internal.DefaultFileLockManager] Releasing lock on daemon addresses registry.
2021-10-14T14:45:51.406+0300 [DEBUG] [org.gradle.process.internal.health.memory.DefaultMemoryManager] 1265190502 memory requested, 868278272 free
2021-10-14T14:45:51.406+0300 [DEBUG] [org.gradle.workers.internal.WorkerDaemonExpiration] Will attempt to release 1206 of memory
2021-10-14T14:45:51.406+0300 [DEBUG] [org.gradle.process.internal.health.memory.DefaultMemoryManager] 1265190502 memory requested, 0 released, 868278272 free
2021-10-14T14:45:56.406+0300 [DEBUG] [org.gradle.process.internal.health.memory.DefaultMemoryManager] 1265190502 memory requested, 877768704 free
2021-10-14T14:45:56.406+0300 [DEBUG] [org.gradle.workers.internal.WorkerDaemonExpiration] Will attempt to release 1206 of memory
2021-10-14T14:45:56.407+0300 [DEBUG] [org.gradle.process.internal.health.memory.DefaultMemoryManager] 1265190502 memory requested, 0 released, 877768704 free
2021-10-14T14:45:59.361+0300 [DEBUG] [org.gradle.cache.internal.DefaultFileLockManager] Waiting to acquire shared lock on daemon addresses registry.
2021-10-14T14:45:59.361+0300 [DEBUG] [org.gradle.cache.internal.DefaultFileLockManager] Lock acquired on daemon addresses registry.
2021-10-14T14:45:59.361+0300 [DEBUG] [org.gradle.cache.internal.DefaultFileLockManager] Releasing lock on daemon addresses registry.
2021-10-14T14:45:59.363+0300 [DEBUG] [org.gradle.cache.internal.DefaultFileLockManager] Waiting to acquire shared lock on daemon addresses registry.
2021-10-14T14:45:59.363+0300 [DEBUG] [org.gradle.cache.internal.DefaultFileLockManager] Lock acquired on daemon addresses registry.
2021-10-14T14:45:59.363+0300 [DEBUG] [org.gradle.cache.internal.DefaultFileLockManager] Releasing lock on daemon addresses registry.
2021-10-14T14:45:59.364+0300 [DEBUG] [org.gradle.cache.internal.DefaultFileLockManager] Waiting to acquire shared lock on daemon addresses registry.
2021-10-14T14:45:59.365+0300 [DEBUG] [org.gradle.cache.internal.DefaultFileLockManager] Lock acquired on daemon addresses registry.
2021-10-14T14:45:59.365+0300 [DEBUG] [org.gradle.cache.internal.DefaultFileLockManager] Releasing lock on daemon addresses registry.
2021-10-14T14:46:01.402+0300 [DEBUG] [org.gradle.process.internal.health.memory.DefaultMemoryManager] 1265190502 memory requested, 878321664 free
2021-10-14T14:46:01.402+0300 [DEBUG] [org.gradle.workers.internal.WorkerDaemonExpiration] Will attempt to release 1206 of memory
2021-10-14T14:46:01.403+0300 [DEBUG] [org.gradle.process.internal.health.memory.DefaultMemoryManager] 1265190502 memory requested, 0 released, 878321664 free
2021-10-14T14:46:06.407+0300 [DEBUG] [org.gradle.process.internal.health.memory.DefaultMemoryManager] 1265190502 memory requested, 875286528 free
2021-10-14T14:46:06.407+0300 [DEBUG] [org.gradle.workers.internal.WorkerDaemonExpiration] Will attempt to release 1206 of memory
2021-10-14T14:46:06.407+0300 [DEBUG] [org.gradle.process.internal.health.memory.DefaultMemoryManager] 1265190502 memory requested, 0 released, 875286528 free
2021-10-14T14:46:09.354+0300 [DEBUG] [org.gradle.cache.internal.DefaultFileLockManager] Waiting to acquire shared lock on daemon addresses registry.
2021-10-14T14:46:09.355+0300 [DEBUG] [org.gradle.cache.internal.DefaultFileLockManager] Lock acquired on daemon addresses registry.
2021-10-14T14:46:09.355+0300 [DEBUG] [org.gradle.cache.internal.DefaultFileLockManager] Releasing lock on daemon addresses registry.
2021-10-14T14:46:09.357+0300 [DEBUG] [org.gradle.cache.internal.DefaultFileLockManager] Waiting to acquire shared lock on daemon addresses registry.
2021-10-14T14:46:09.357+0300 [DEBUG] [org.gradle.cache.internal.DefaultFileLockManager] Lock acquired on daemon addresses registry.
2021-10-14T14:46:09.358+0300 [DEBUG] [org.gradle.cache.internal.DefaultFileLockManager] Releasing lock on daemon addresses registry.
2021-10-14T14:46:09.358+0300 [DEBUG] [org.gradle.cache.internal.DefaultFileLockManager] Waiting to acquire shared lock on daemon addresses registry.
2021-10-14T14:46:09.359+0300 [DEBUG] [org.gradle.cache.internal.DefaultFileLockManager] Lock acquired on daemon addresses registry.
2021-10-14T14:46:09.359+0300 [DEBUG] [org.gradle.cache.internal.DefaultFileLockManager] Releasing lock on daemon addresses registry.
2021-10-14T14:46:11.405+0300 [DEBUG] [org.gradle.process.internal.health.memory.DefaultMemoryManager] 1265190502 memory requested, 876589056 free
2021-10-14T14:46:11.406+0300 [DEBUG] [org.gradle.workers.internal.WorkerDaemonExpiration] Will attempt to release 1206 of memory
2021-10-14T14:46:11.406+0300 [DEBUG] [org.gradle.process.internal.health.memory.DefaultMemoryManager] 1265190502 memory requested, 0 released, 876589056 free
2021-10-14T14:46:16.407+0300 [DEBUG] [org.gradle.process.internal.health.memory.DefaultMemoryManager] 1265190502 memory requested, 887848960 free
2021-10-14T14:46:16.407+0300 [DEBUG] [org.gradle.workers.internal.WorkerDaemonExpiration] Will attempt to release 1206 of memory
2021-10-14T14:46:16.407+0300 [DEBUG] [org.gradle.process.internal.health.memory.DefaultMemoryManager] 1265190502 memory requested, 0 released, 887848960 free
2021-10-14T14:46:19.353+0300 [DEBUG] [org.gradle.cache.internal.DefaultFileLockManager] Waiting to acquire shared lock on daemon addresses registry.
2021-10-14T14:46:19.354+0300 [DEBUG] [org.gradle.cache.internal.DefaultFileLockManager] Lock acquired on daemon addresses registry.
2021-10-14T14:46:19.355+0300 [DEBUG] [org.gradle.cache.internal.DefaultFileLockManager] Releasing lock on daemon addresses registry.
2021-10-14T14:46:19.358+0300 [DEBUG] [org.gradle.cache.internal.DefaultFileLockManager] Waiting to acquire shared lock on daemon addresses registry.
2021-10-14T14:46:19.359+0300 [DEBUG] [org.gradle.cache.internal.DefaultFileLockManager] Lock acquired on daemon addresses registry.
2021-10-14T14:46:19.359+0300 [DEBUG] [org.gradle.cache.internal.DefaultFileLockManager] Releasing lock on daemon addresses registry.
2021-10-14T14:46:19.360+0300 [DEBUG] [org.gradle.cache.internal.DefaultFileLockManager] Waiting to acquire shared lock on daemon addresses registry.
2021-10-14T14:46:19.360+0300 [DEBUG] [org.gradle.cache.internal.DefaultFileLockManager] Lock acquired on daemon addresses registry.
2021-10-14T14:46:19.360+0300 [DEBUG] [org.gradle.cache.internal.DefaultFileLockManager] Releasing lock on daemon addresses registry.
2021-10-14T14:46:21.404+0300 [DEBUG] [org.gradle.process.internal.health.memory.DefaultMemoryManager] 1265190502 memory requested, 891215872 free
2021-10-14T14:46:21.404+0300 [DEBUG] [org.gradle.workers.internal.WorkerDaemonExpiration] Will attempt to release 1206 of memory
2021-10-14T14:46:21.405+0300 [DEBUG] [org.gradle.process.internal.health.memory.DefaultMemoryManager] 1265190502 memory requested, 0 released, 891215872 free
2021-10-14T14:46:26.400+0300 [DEBUG] [org.gradle.process.internal.health.memory.DefaultMemoryManager] 1265190502 memory requested, 866148352 free
2021-10-14T14:46:26.400+0300 [DEBUG] [org.gradle.workers.internal.WorkerDaemonExpiration] Will attempt to release 1206 of memory
2021-10-14T14:46:26.400+0300 [DEBUG] [org.gradle.process.internal.health.memory.DefaultMemoryManager] 1265190502 memory requested, 0 released, 866148352 free
2021-10-14T14:46:29.361+0300 [DEBUG] [org.gradle.cache.internal.DefaultFileLockManager] Waiting to acquire shared lock on daemon addresses registry.
2021-10-14T14:46:29.362+0300 [DEBUG] [org.gradle.cache.internal.DefaultFileLockManager] Lock acquired on daemon addresses registry.
2021-10-14T14:46:29.362+0300 [DEBUG] [org.gradle.cache.internal.DefaultFileLockManager] Releasing lock on daemon addresses registry.
2021-10-14T14:46:29.363+0300 [DEBUG] [org.gradle.cache.internal.DefaultFileLockManager] Waiting to acquire shared lock on daemon addresses registry.
2021-10-14T14:46:29.363+0300 [DEBUG] [org.gradle.cache.internal.DefaultFileLockManager] Lock acquired on daemon addresses registry.
2021-10-14T14:46:29.364+0300 [DEBUG] [org.gradle.cache.internal.DefaultFileLockManager] Releasing lock on daemon addresses registry.
2021-10-14T14:46:29.364+0300 [DEBUG] [org.gradle.cache.internal.DefaultFileLockManager] Waiting to acquire shared lock on daemon addresses registry.
2021-10-14T14:46:29.365+0300 [DEBUG] [org.gradle.cache.internal.DefaultFileLockManager] Lock acquired on daemon addresses registry.
2021-10-14T14:46:29.365+0300 [DEBUG] [org.gradle.cache.internal.DefaultFileLockManager] Releasing lock on daemon addresses registry.
2021-10-14T14:46:31.399+0300 [DEBUG] [org.gradle.process.internal.health.memory.DefaultMemoryManager] 1265190502 memory requested, 688279552 free
2021-10-14T14:46:31.399+0300 [DEBUG] [org.gradle.workers.internal.WorkerDaemonExpiration] Will attempt to release 1206 of memory
2021-10-14T14:46:31.399+0300 [DEBUG] [org.gradle.process.internal.health.memory.DefaultMemoryManager] 1265190502 memory requested, 0 released, 688279552 free
2021-10-14T14:46:36.400+0300 [DEBUG] [org.gradle.process.internal.health.memory.DefaultMemoryManager] 1265190502 memory requested, 651464704 free
2021-10-14T14:46:36.400+0300 [DEBUG] [org.gradle.workers.internal.WorkerDaemonExpiration] Will attempt to release 1206 of memory
2021-10-14T14:46:36.400+0300 [DEBUG] [org.gradle.process.internal.health.memory.DefaultMemoryManager] 1265190502 memory requested, 0 released, 651464704 free
2021-10-14T14:46:39.359+0300 [DEBUG] [org.gradle.cache.internal.DefaultFileLockManager] Waiting to acquire shared lock on daemon addresses registry.
2021-10-14T14:46:39.360+0300 [DEBUG] [org.gradle.cache.internal.DefaultFileLockManager] Lock acquired on daemon addresses registry.
2021-10-14T14:46:39.360+0300 [DEBUG] [org.gradle.cache.internal.DefaultFileLockManager] Releasing lock on daemon addresses registry.
2021-10-14T14:46:39.362+0300 [DEBUG] [org.gradle.cache.internal.DefaultFileLockManager] Waiting to acquire shared lock on daemon addresses registry.
2021-10-14T14:46:39.362+0300 [DEBUG] [org.gradle.cache.internal.DefaultFileLockManager] Lock acquired on daemon addresses registry.
2021-10-14T14:46:39.363+0300 [DEBUG] [org.gradle.cache.internal.DefaultFileLockManager] Releasing lock on daemon addresses registry.
2021-10-14T14:46:39.364+0300 [DEBUG] [org.gradle.cache.internal.DefaultFileLockManager] Waiting to acquire shared lock on daemon addresses registry.
2021-10-14T14:46:39.365+0300 [DEBUG] [org.gradle.cache.internal.DefaultFileLockManager] Lock acquired on daemon addresses registry.
2021-10-14T14:46:39.366+0300 [DEBUG] [org.gradle.cache.internal.DefaultFileLockManager] Releasing lock on daemon addresses registry.
2021-10-14T14:46:41.409+0300 [DEBUG] [org.gradle.process.internal.health.memory.DefaultMemoryManager] 1265190502 memory requested, 628916224 free
2021-10-14T14:46:41.409+0300 [DEBUG] [org.gradle.workers.internal.WorkerDaemonExpiration] Will attempt to release 1206 of memory
2021-10-14T14:46:41.410+0300 [DEBUG] [org.gradle.process.internal.health.memory.DefaultMemoryManager] 1265190502 memory requested, 0 released, 628916224 free
2021-10-14T14:46:46.413+0300 [DEBUG] [org.gradle.process.internal.health.memory.DefaultMemoryManager] 1265190502 memory requested, 628326400 free
2021-10-14T14:46:46.413+0300 [DEBUG] [org.gradle.workers.internal.WorkerDaemonExpiration] Will attempt to release 1206 of memory
2021-10-14T14:46:46.413+0300 [DEBUG] [org.gradle.process.internal.health.memory.DefaultMemoryManager] 1265190502 memory requested, 0 released, 628326400 free
2021-10-14T14:46:49.367+0300 [DEBUG] [org.gradle.cache.internal.DefaultFileLockManager] Waiting to acquire shared lock on daemon addresses registry.
2021-10-14T14:46:49.367+0300 [DEBUG] [org.gradle.cache.internal.DefaultFileLockManager] Lock acquired on daemon addresses registry.
2021-10-14T14:46:49.368+0300 [DEBUG] [org.gradle.cache.internal.DefaultFileLockManager] Releasing lock on daemon addresses registry.
2021-10-14T14:46:49.369+0300 [DEBUG] [org.gradle.cache.internal.DefaultFileLockManager] Waiting to acquire shared lock on daemon addresses registry.
2021-10-14T14:46:49.369+0300 [DEBUG] [org.gradle.cache.internal.DefaultFileLockManager] Lock acquired on daemon addresses registry.
2021-10-14T14:46:49.370+0300 [DEBUG] [org.gradle.cache.internal.DefaultFileLockManager] Releasing lock on daemon addresses registry.
2021-10-14T14:46:49.370+0300 [DEBUG] [org.gradle.cache.internal.DefaultFileLockManager] Waiting to acquire shared lock on daemon addresses registry.
2021-10-14T14:46:49.371+0300 [DEBUG] [org.gradle.cache.internal.DefaultFileLockManager] Lock acquired on daemon addresses registry.
2021-10-14T14:46:49.371+0300 [DEBUG] [org.gradle.cache.internal.DefaultFileLockManager] Releasing lock on daemon addresses registry.
2021-10-14T14:46:51.409+0300 [DEBUG] [org.gradle.process.internal.health.memory.DefaultMemoryManager] 1265190502 memory requested, 637939712 free
2021-10-14T14:46:51.409+0300 [DEBUG] [org.gradle.workers.internal.WorkerDaemonExpiration] Will attempt to release 1206 of memory
2021-10-14T14:46:51.409+0300 [DEBUG] [org.gradle.process.internal.health.memory.DefaultMemoryManager] 1265190502 memory requested, 0 released, 637939712 free
2021-10-14T14:46:56.407+0300 [DEBUG] [org.gradle.process.internal.health.memory.DefaultMemoryManager] 1265190502 memory requested, 588664832 free
2021-10-14T14:46:56.407+0300 [DEBUG] [org.gradle.workers.internal.WorkerDaemonExpiration] Will attempt to release 1206 of memory
2021-10-14T14:46:56.407+0300 [DEBUG] [org.gradle.process.internal.health.memory.DefaultMemoryManager] 1265190502 memory requested, 0 released, 588664832 free
2021-10-14T14:46:59.357+0300 [DEBUG] [org.gradle.cache.internal.DefaultFileLockManager] Waiting to acquire shared lock on daemon addresses registry.
2021-10-14T14:46:59.357+0300 [DEBUG] [org.gradle.cache.internal.DefaultFileLockManager] Lock acquired on daemon addresses registry.
2021-10-14T14:46:59.358+0300 [DEBUG] [org.gradle.cache.internal.DefaultFileLockManager] Releasing lock on daemon addresses registry.
2021-10-14T14:46:59.360+0300 [DEBUG] [org.gradle.cache.internal.DefaultFileLockManager] Waiting to acquire shared lock on daemon addresses registry.
2021-10-14T14:46:59.360+0300 [DEBUG] [org.gradle.cache.internal.DefaultFileLockManager] Lock acquired on daemon addresses registry.
2021-10-14T14:46:59.361+0300 [DEBUG] [org.gradle.cache.internal.DefaultFileLockManager] Releasing lock on daemon addresses registry.
2021-10-14T14:46:59.362+0300 [DEBUG] [org.gradle.cache.internal.DefaultFileLockManager] Waiting to acquire shared lock on daemon addresses registry.
2021-10-14T14:46:59.363+0300 [DEBUG] [org.gradle.cache.internal.DefaultFileLockManager] Lock acquired on daemon addresses registry.
2021-10-14T14:46:59.364+0300 [DEBUG] [org.gradle.cache.internal.DefaultFileLockManager] Releasing lock on daemon addresses registry.
2021-10-14T14:47:01.409+0300 [DEBUG] [org.gradle.process.internal.health.memory.DefaultMemoryManager] 1265190502 memory requested, 596504576 free
2021-10-14T14:47:01.410+0300 [DEBUG] [org.gradle.workers.internal.WorkerDaemonExpiration] Will attempt to release 1206 of memory
2021-10-14T14:47:01.410+0300 [DEBUG] [org.gradle.process.internal.health.memory.DefaultMemoryManager] 1265190502 memory requested, 0 released, 596504576 free
2021-10-14T14:47:06.409+0300 [DEBUG] [org.gradle.process.internal.health.memory.DefaultMemoryManager] 1265190502 memory requested, 627494912 free
2021-10-14T14:47:06.409+0300 [DEBUG] [org.gradle.workers.internal.WorkerDaemonExpiration] Will attempt to release 1206 of memory
2021-10-14T14:47:06.410+0300 [DEBUG] [org.gradle.process.internal.health.memory.DefaultMemoryManager] 1265190502 memory requested, 0 released, 627494912 free
2021-10-14T14:47:09.352+0300 [DEBUG] [org.gradle.cache.internal.DefaultFileLockManager] Waiting to acquire shared lock on daemon addresses registry.
2021-10-14T14:47:09.352+0300 [DEBUG] [org.gradle.cache.internal.DefaultFileLockManager] Lock acquired on daemon addresses registry.
2021-10-14T14:47:09.353+0300 [DEBUG] [org.gradle.cache.internal.DefaultFileLockManager] Releasing lock on daemon addresses registry.
2021-10-14T14:47:09.354+0300 [DEBUG] [org.gradle.cache.internal.DefaultFileLockManager] Waiting to acquire shared lock on daemon addresses registry.
2021-10-14T14:47:09.355+0300 [DEBUG] [org.gradle.cache.internal.DefaultFileLockManager] Lock acquired on daemon addresses registry.
2021-10-14T14:47:09.356+0300 [DEBUG] [org.gradle.cache.internal.DefaultFileLockManager] Releasing lock on daemon addresses registry.
2021-10-14T14:47:09.357+0300 [DEBUG] [org.gradle.cache.internal.DefaultFileLockManager] Waiting to acquire shared lock on daemon addresses registry.
2021-10-14T14:47:09.357+0300 [DEBUG] [org.gradle.cache.internal.DefaultFileLockManager] Lock acquired on daemon addresses registry.
2021-10-14T14:47:09.358+0300 [DEBUG] [org.gradle.cache.internal.DefaultFileLockManager] Releasing lock on daemon addresses registry.
2021-10-14T14:47:11.402+0300 [DEBUG] [org.gradle.process.internal.health.memory.DefaultMemoryManager] 1265190502 memory requested, 678129664 free
2021-10-14T14:47:11.403+0300 [DEBUG] [org.gradle.workers.internal.WorkerDaemonExpiration] Will attempt to release 1206 of memory
2021-10-14T14:47:11.403+0300 [DEBUG] [org.gradle.process.internal.health.memory.DefaultMemoryManager] 1265190502 memory requested, 0 released, 678129664 free
2021-10-14T14:47:19.356+0300 [DEBUG] [org.gradle.cache.internal.DefaultFileLockManager] Waiting to acquire shared lock on daemon addresses registry.
2021-10-14T14:47:19.356+0300 [DEBUG] [org.gradle.cache.internal.DefaultFileLockManager] Lock acquired on daemon addresses registry.
2021-10-14T14:47:19.357+0300 [DEBUG] [org.gradle.cache.internal.DefaultFileLockManager] Releasing lock on daemon addresses registry.
2021-10-14T14:47:19.358+0300 [DEBUG] [org.gradle.cache.internal.DefaultFileLockManager] Waiting to acquire shared lock on daemon addresses registry.
2021-10-14T14:47:19.359+0300 [DEBUG] [org.gradle.cache.internal.DefaultFileLockManager] Lock acquired on daemon addresses registry.
2021-10-14T14:47:19.359+0300 [DEBUG] [org.gradle.cache.internal.DefaultFileLockManager] Releasing lock on daemon addresses registry.
2021-10-14T14:47:19.360+0300 [DEBUG] [org.gradle.cache.internal.DefaultFileLockManager] Waiting to acquire shared lock on daemon addresses registry.
2021-10-14T14:47:19.361+0300 [DEBUG] [org.gradle.cache.internal.DefaultFileLockManager] Lock acquired on daemon addresses registry.
2021-10-14T14:47:19.361+0300 [DEBUG] [org.gradle.cache.internal.DefaultFileLockManager] Releasing lock on daemon addresses registry.
2021-10-14T14:47:29.354+0300 [DEBUG] [org.gradle.cache.internal.DefaultFileLockManager] Waiting to acquire shared lock on daemon addresses registry.
2021-10-14T14:47:29.354+0300 [DEBUG] [org.gradle.cache.internal.DefaultFileLockManager] Lock acquired on daemon addresses registry.
2021-10-14T14:47:29.354+0300 [DEBUG] [org.gradle.cache.internal.DefaultFileLockManager] Releasing lock on daemon addresses registry.
2021-10-14T14:47:29.355+0300 [DEBUG] [org.gradle.cache.internal.DefaultFileLockManager] Waiting to acquire shared lock on daemon addresses registry.
2021-10-14T14:47:29.355+0300 [DEBUG] [org.gradle.cache.internal.DefaultFileLockManager] Lock acquired on daemon addresses registry.
2021-10-14T14:47:29.356+0300 [DEBUG] [org.gradle.cache.internal.DefaultFileLockManager] Releasing lock on daemon addresses registry.
2021-10-14T14:47:29.357+0300 [DEBUG] [org.gradle.cache.internal.DefaultFileLockManager] Waiting to acquire shared lock on daemon addresses registry.
2021-10-14T14:47:29.357+0300 [DEBUG] [org.gradle.cache.internal.DefaultFileLockManager] Lock acquired on daemon addresses registry.
2021-10-14T14:47:29.357+0300 [DEBUG] [org.gradle.cache.internal.DefaultFileLockManager] Releasing lock on daemon addresses registry.
2021-10-14T14:47:39.356+0300 [DEBUG] [org.gradle.cache.internal.DefaultFileLockManager] Waiting to acquire shared lock on daemon addresses registry.
2021-10-14T14:47:39.357+0300 [DEBUG] [org.gradle.cache.internal.DefaultFileLockManager] Lock acquired on daemon addresses registry.
2021-10-14T14:47:39.358+0300 [DEBUG] [org.gradle.cache.internal.DefaultFileLockManager] Releasing lock on daemon addresses registry.
2021-10-14T14:47:39.360+0300 [DEBUG] [org.gradle.cache.internal.DefaultFileLockManager] Waiting to acquire shared lock on daemon addresses registry.
2021-10-14T14:47:39.360+0300 [DEBUG] [org.gradle.cache.internal.DefaultFileLockManager] Lock acquired on daemon addresses registry.
2021-10-14T14:47:39.361+0300 [DEBUG] [org.gradle.cache.internal.DefaultFileLockManager] Releasing lock on daemon addresses registry.
2021-10-14T14:47:39.362+0300 [DEBUG] [org.gradle.cache.internal.DefaultFileLockManager] Waiting to acquire shared lock on daemon addresses registry.
2021-10-14T14:47:39.363+0300 [DEBUG] [org.gradle.cache.internal.DefaultFileLockManager] Lock acquired on daemon addresses registry.
2021-10-14T14:47:39.363+0300 [DEBUG] [org.gradle.cache.internal.DefaultFileLockManager] Releasing lock on daemon addresses registry.
2021-10-14T14:47:49.365+0300 [DEBUG] [org.gradle.cache.internal.DefaultFileLockManager] Waiting to acquire shared lock on daemon addresses registry.
2021-10-14T14:47:49.366+0300 [DEBUG] [org.gradle.cache.internal.DefaultFileLockManager] Lock acquired on daemon addresses registry.
2021-10-14T14:47:49.366+0300 [DEBUG] [org.gradle.cache.internal.DefaultFileLockManager] Releasing lock on daemon addresses registry.
2021-10-14T14:47:49.369+0300 [DEBUG] [org.gradle.cache.internal.DefaultFileLockManager] Waiting to acquire shared lock on daemon addresses registry.
2021-10-14T14:47:49.370+0300 [DEBUG] [org.gradle.cache.internal.DefaultFileLockManager] Lock acquired on daemon addresses registry.
2021-10-14T14:47:49.370+0300 [DEBUG] [org.gradle.cache.internal.DefaultFileLockManager] Releasing lock on daemon addresses registry.
2021-10-14T14:47:49.371+0300 [DEBUG] [org.gradle.cache.internal.DefaultFileLockManager] Waiting to acquire shared lock on daemon addresses registry.
2021-10-14T14:47:49.372+0300 [DEBUG] [org.gradle.cache.internal.DefaultFileLockManager] Lock acquired on daemon addresses registry.
2021-10-14T14:47:49.372+0300 [DEBUG] [org.gradle.cache.internal.DefaultFileLockManager] Releasing lock on daemon addresses registry.
2021-10-14T14:47:59.363+0300 [DEBUG] [org.gradle.cache.internal.DefaultFileLockManager] Waiting to acquire shared lock on daemon addresses registry.
2021-10-14T14:47:59.363+0300 [DEBUG] [org.gradle.cache.internal.DefaultFileLockManager] Lock acquired on daemon addresses registry.
2021-10-14T14:47:59.364+0300 [DEBUG] [org.gradle.cache.internal.DefaultFileLockManager] Releasing lock on daemon addresses registry.
2021-10-14T14:47:59.365+0300 [DEBUG] [org.gradle.cache.internal.DefaultFileLockManager] Waiting to acquire shared lock on daemon addresses registry.
2021-10-14T14:47:59.365+0300 [DEBUG] [org.gradle.cache.internal.DefaultFileLockManager] Lock acquired on daemon addresses registry.
2021-10-14T14:47:59.366+0300 [DEBUG] [org.gradle.cache.internal.DefaultFileLockManager] Releasing lock on daemon addresses registry.
2021-10-14T14:47:59.367+0300 [DEBUG] [org.gradle.cache.internal.DefaultFileLockManager] Waiting to acquire shared lock on daemon addresses registry.
2021-10-14T14:47:59.367+0300 [DEBUG] [org.gradle.cache.internal.DefaultFileLockManager] Lock acquired on daemon addresses registry.
2021-10-14T14:47:59.368+0300 [DEBUG] [org.gradle.cache.internal.DefaultFileLockManager] Releasing lock on daemon addresses registry.
2021-10-14T14:48:09.356+0300 [DEBUG] [org.gradle.cache.internal.DefaultFileLockManager] Waiting to acquire shared lock on daemon addresses registry.
2021-10-14T14:48:09.357+0300 [DEBUG] [org.gradle.cache.internal.DefaultFileLockManager] Lock acquired on daemon addresses registry.
2021-10-14T14:48:09.358+0300 [DEBUG] [org.gradle.cache.internal.DefaultFileLockManager] Releasing lock on daemon addresses registry.
2021-10-14T14:48:09.360+0300 [DEBUG] [org.gradle.cache.internal.DefaultFileLockManager] Waiting to acquire shared lock on daemon addresses registry.
2021-10-14T14:48:09.360+0300 [DEBUG] [org.gradle.cache.internal.DefaultFileLockManager] Lock acquired on daemon addresses registry.
2021-10-14T14:48:09.361+0300 [DEBUG] [org.gradle.cache.internal.DefaultFileLockManager] Releasing lock on daemon addresses registry.
2021-10-14T14:48:09.363+0300 [DEBUG] [org.gradle.cache.internal.DefaultFileLockManager] Waiting to acquire shared lock on daemon addresses registry.
2021-10-14T14:48:09.363+0300 [DEBUG] [org.gradle.cache.internal.DefaultFileLockManager] Lock acquired on daemon addresses registry.
2021-10-14T14:48:09.364+0300 [DEBUG] [org.gradle.cache.internal.DefaultFileLockManager] Releasing lock on daemon addresses registry.
2021-10-14T14:48:19.358+0300 [DEBUG] [org.gradle.cache.internal.DefaultFileLockManager] Waiting to acquire shared lock on daemon addresses registry.
2021-10-14T14:48:19.358+0300 [DEBUG] [org.gradle.cache.internal.DefaultFileLockManager] Lock acquired on daemon addresses registry.
2021-10-14T14:48:19.359+0300 [DEBUG] [org.gradle.cache.internal.DefaultFileLockManager] Releasing lock on daemon addresses registry.
2021-10-14T14:48:19.360+0300 [DEBUG] [org.gradle.cache.internal.DefaultFileLockManager] Waiting to acquire shared lock on daemon addresses registry.
2021-10-14T14:48:19.360+0300 [DEBUG] [org.gradle.cache.internal.DefaultFileLockManager] Lock acquired on daemon addresses registry.
2021-10-14T14:48:19.360+0300 [DEBUG] [org.gradle.cache.internal.DefaultFileLockManager] Releasing lock on daemon addresses registry.
2021-10-14T14:48:19.361+0300 [DEBUG] [org.gradle.cache.internal.DefaultFileLockManager] Waiting to acquire shared lock on daemon addresses registry.
2021-10-14T14:48:19.361+0300 [DEBUG] [org.gradle.cache.internal.DefaultFileLockManager] Lock acquired on daemon addresses registry.
2021-10-14T14:48:19.361+0300 [DEBUG] [org.gradle.cache.internal.DefaultFileLockManager] Releasing lock on daemon addresses registry.
2021-10-14T14:48:29.361+0300 [DEBUG] [org.gradle.cache.internal.DefaultFileLockManager] Waiting to acquire shared lock on daemon addresses registry.
2021-10-14T14:48:29.361+0300 [DEBUG] [org.gradle.cache.internal.DefaultFileLockManager] Lock acquired on daemon addresses registry.
2021-10-14T14:48:29.362+0300 [DEBUG] [org.gradle.cache.internal.DefaultFileLockManager] Releasing lock on daemon addresses registry.
2021-10-14T14:48:29.364+0300 [DEBUG] [org.gradle.cache.internal.DefaultFileLockManager] Waiting to acquire shared lock on daemon addresses registry.
2021-10-14T14:48:29.365+0300 [DEBUG] [org.gradle.cache.internal.DefaultFileLockManager] Lock acquired on daemon addresses registry.
2021-10-14T14:48:29.365+0300 [DEBUG] [org.gradle.cache.internal.DefaultFileLockManager] Releasing lock on daemon addresses registry.
2021-10-14T14:48:29.366+0300 [DEBUG] [org.gradle.cache.internal.DefaultFileLockManager] Waiting to acquire shared lock on daemon addresses registry.
2021-10-14T14:48:29.366+0300 [DEBUG] [org.gradle.cache.internal.DefaultFileLockManager] Lock acquired on daemon addresses registry.
2021-10-14T14:48:29.367+0300 [DEBUG] [org.gradle.cache.internal.DefaultFileLockManager] Releasing lock on daemon addresses registry.
2021-10-14T14:48:38.664+0300 [DEBUG] [org.gradle.internal.remote.internal.inet.TcpIncomingConnector] Accepted connection from /127.0.0.1:60700 to /127.0.0.1:53780.
2021-10-14T14:48:38.670+0300 [DEBUG] [org.gradle.launcher.daemon.server.SynchronizedDispatchConnection] thread 69: received class org.gradle.launcher.daemon.protocol.StopWhenIdle
2021-10-14T14:48:38.670+0300 [DEBUG] [org.gradle.launcher.daemon.server.DefaultDaemonConnection] thread 69: Received non-IO message from client: StopWhenIdle[id=05e758d4-e86d-413b-a527-c50ec68d3756]
2021-10-14T14:48:38.670+0300 [INFO] [org.gradle.launcher.daemon.server.DefaultIncomingConnectionHandler] Received command: StopWhenIdle[id=05e758d4-e86d-413b-a527-c50ec68d3756].
2021-10-14T14:48:38.670+0300 [DEBUG] [org.gradle.launcher.daemon.server.DefaultIncomingConnectionHandler] Starting executing command: StopWhenIdle[id=05e758d4-e86d-413b-a527-c50ec68d3756] with connection: socket connection from /127.0.0.1:53780 to /127.0.0.1:60700.
2021-10-14T14:48:38.671+0300 [DEBUG] [org.gradle.launcher.daemon.server.DaemonRegistryUpdater] Storing daemon stop event: stop command received
2021-10-14T14:48:38.672+0300 [DEBUG] [org.gradle.launcher.daemon.registry.PersistentDaemonRegistry] Storing daemon stop event with timestamp 1634212118671
2021-10-14T14:48:38.672+0300 [DEBUG] [org.gradle.cache.internal.DefaultFileLockManager] Waiting to acquire exclusive lock on daemon addresses registry.
2021-10-14T14:48:38.673+0300 [DEBUG] [org.gradle.cache.internal.DefaultFileLockManager] Lock acquired on daemon addresses registry.
2021-10-14T14:48:38.673+0300 [DEBUG] [org.gradle.cache.internal.DefaultFileLockManager] Releasing lock on daemon addresses registry.
2021-10-14T14:48:38.674+0300 [LIFECYCLE] [org.gradle.launcher.daemon.server.DaemonStateCoordinator] Daemon will be stopped at the end of the build stop command received
2021-10-14T14:48:38.674+0300 [DEBUG] [org.gradle.launcher.daemon.server.DaemonStateCoordinator] Marking daemon stopped due to stop command received. The daemon is running a build: false
2021-10-14T14:48:38.674+0300 [DEBUG] [org.gradle.launcher.daemon.server.DaemonStateCoordinator] daemon has stopped.
2021-10-14T14:48:38.674+0300 [DEBUG] [org.gradle.launcher.daemon.server.SynchronizedDispatchConnection] thread 68: dispatching Success[value=null]
2021-10-14T14:48:38.674+0300 [DEBUG] [org.gradle.launcher.daemon.server.Daemon] stop() called on daemon
2021-10-14T14:48:38.674+0300 [DEBUG] [org.gradle.launcher.daemon.server.DefaultIncomingConnectionHandler] Finishing executing command: StopWhenIdle[id=05e758d4-e86d-413b-a527-c50ec68d3756]
2021-10-14T14:48:38.674+0300 [INFO] [org.gradle.launcher.daemon.server.Daemon] Stop requested. Daemon is removing its presence from the registry...
2021-10-14T14:48:38.674+0300 [DEBUG] [org.gradle.launcher.daemon.server.SynchronizedDispatchConnection] thread 69: received class org.gradle.launcher.daemon.protocol.Finished
2021-10-14T14:48:38.674+0300 [DEBUG] [org.gradle.launcher.daemon.server.DefaultDaemonConnection] thread 69: Received non-IO message from client: org.gradle.launcher.daemon.protocol.Finished@74345d0f
2021-10-14T14:48:38.675+0300 [DEBUG] [org.gradle.launcher.daemon.server.DaemonRegistryUpdater] Removing our presence to clients, eg. removing this address from the registry: [b3ed28a6-24a7-4e44-b839-f8cfb36c3cf2 port:53780, addresses:[localhost/127.0.0.1]]
2021-10-14T14:48:38.675+0300 [DEBUG] [org.gradle.launcher.daemon.server.DefaultIncomingConnectionHandler] Received finished message: org.gradle.launcher.daemon.protocol.Finished@74345d0f
2021-10-14T14:48:38.675+0300 [DEBUG] [org.gradle.launcher.daemon.server.SynchronizedDispatchConnection] thread 68: stopping connection
2021-10-14T14:48:38.675+0300 [DEBUG] [org.gradle.internal.remote.internal.inet.SocketConnection] Discarding EOFException: java.io.EOFException
2021-10-14T14:48:38.675+0300 [DEBUG] [org.gradle.launcher.daemon.server.SynchronizedDispatchConnection] thread 69: received null
2021-10-14T14:48:38.676+0300 [DEBUG] [org.gradle.launcher.daemon.server.DefaultDaemonConnection] thread 69: Received end-of-input from client.
2021-10-14T14:48:38.675+0300 [DEBUG] [org.gradle.launcher.daemon.registry.PersistentDaemonRegistry] Removing daemon address: [b3ed28a6-24a7-4e44-b839-f8cfb36c3cf2 port:53780, addresses:[localhost/127.0.0.1]]
2021-10-14T14:48:38.676+0300 [DEBUG] [org.gradle.launcher.daemon.server.SynchronizedDispatchConnection] thread 68: stopping connection
2021-10-14T14:48:38.678+0300 [DEBUG] [org.gradle.cache.internal.DefaultFileLockManager] Waiting to acquire exclusive lock on daemon addresses registry.
2021-10-14T14:48:38.678+0300 [DEBUG] [org.gradle.cache.internal.DefaultFileLockManager] Lock acquired on daemon addresses registry.
2021-10-14T14:48:38.679+0300 [DEBUG] [org.gradle.cache.internal.DefaultFileLockManager] Releasing lock on daemon addresses registry.
2021-10-14T14:48:38.679+0300 [DEBUG] [org.gradle.launcher.daemon.server.DaemonRegistryUpdater] Address removed from registry.
2021-10-14T14:48:38.683+0300 [DEBUG] [org.gradle.cache.internal.LockOnDemandCrossProcessCacheAccess] Releasing file lock for jars (C:\Users\brian\AndroidStudioProjects\GADS-NoteKeeperApp-2021\caches\jars-8)
2021-10-14T14:48:38.683+0300 [DEBUG] [org.gradle.cache.internal.DefaultFileLockManager] Releasing lock on jars (C:\Users\brian\AndroidStudioProjects\GADS-NoteKeeperApp-2021\caches\jars-8).
2021-10-14T14:48:38.684+0300 [DEBUG] [org.gradle.cache.internal.DefaultPersistentDirectoryStore] jars (C:\Users\brian\AndroidStudioProjects\GADS-NoteKeeperApp-2021\caches\jars-8) has last been fully cleaned up 4 hours ago
2021-10-14T14:48:38.703+0300 [DEBUG] [org.gradle.cache.internal.LockOnDemandCrossProcessCacheAccess] Releasing file lock for file content cache (C:\Users\brian\AndroidStudioProjects\GADS-NoteKeeperApp-2021\caches\7.0.2\fileContent)
2021-10-14T14:48:38.703+0300 [DEBUG] [org.gradle.cache.internal.DefaultFileLockManager] Releasing lock on file content cache (C:\Users\brian\AndroidStudioProjects\GADS-NoteKeeperApp-2021\caches\7.0.2\fileContent).
2021-10-14T14:48:38.705+0300 [DEBUG] [org.gradle.cache.internal.LockOnDemandCrossProcessCacheAccess] Releasing file lock for Artifact transforms cache (C:\Users\brian\AndroidStudioProjects\GADS-NoteKeeperApp-2021\caches\transforms-3)
2021-10-14T14:48:38.706+0300 [DEBUG] [org.gradle.cache.internal.DefaultFileLockManager] Releasing lock on Artifact transforms cache (C:\Users\brian\AndroidStudioProjects\GADS-NoteKeeperApp-2021\caches\transforms-3).
2021-10-14T14:48:38.705+0300 [DEBUG] [org.gradle.internal.watch.registry.impl.DefaultFileWatcherRegistry] Finished listening to file system change events
2021-10-14T14:48:38.707+0300 [DEBUG] [org.gradle.cache.internal.DefaultPersistentDirectoryStore] Artifact transforms cache (C:\Users\brian\AndroidStudioProjects\GADS-NoteKeeperApp-2021\caches\transforms-3) has last been fully cleaned up 4 hours ago
2021-10-14T14:48:38.707+0300 [DEBUG] [org.gradle.cache.internal.LockOnDemandCrossProcessCacheAccess] Releasing file lock for artifact cache (C:\Users\brian\AndroidStudioProjects\GADS-NoteKeeperApp-2021\caches\modules-2)
2021-10-14T14:48:38.707+0300 [DEBUG] [org.gradle.cache.internal.btree.BTreePersistentIndexedCache] Closing cache module-metadata.bin (C:\Users\brian\AndroidStudioProjects\GADS-NoteKeeperApp-2021\caches\modules-2\metadata-2.97\module-metadata.bin)
2021-10-14T14:48:38.707+0300 [DEBUG] [org.gradle.cache.internal.btree.BTreePersistentIndexedCache] Closing cache module-artifact.bin (C:\Users\brian\AndroidStudioProjects\GADS-NoteKeeperApp-2021\caches\modules-2\metadata-2.97\module-artifact.bin)
2021-10-14T14:48:38.707+0300 [DEBUG] [org.gradle.cache.internal.btree.BTreePersistentIndexedCache] Closing cache module-artifacts.bin (C:\Users\brian\AndroidStudioProjects\GADS-NoteKeeperApp-2021\caches\modules-2\metadata-2.97\module-artifacts.bin)
2021-10-14T14:48:38.707+0300 [DEBUG] [org.gradle.cache.internal.DefaultFileLockManager] Releasing lock on artifact cache (C:\Users\brian\AndroidStudioProjects\GADS-NoteKeeperApp-2021\caches\modules-2).
2021-10-14T14:48:38.709+0300 [DEBUG] [org.gradle.cache.internal.DefaultPersistentDirectoryStore] artifact cache (C:\Users\brian\AndroidStudioProjects\GADS-NoteKeeperApp-2021\caches\modules-2) has last been fully cleaned up 4 hours ago
2021-10-14T14:48:38.709+0300 [DEBUG] [org.gradle.cache.internal.LockOnDemandCrossProcessCacheAccess] Releasing file lock for journal cache (C:\Users\brian\AndroidStudioProjects\GADS-NoteKeeperApp-2021\caches\journal-1)
2021-10-14T14:48:38.709+0300 [DEBUG] [org.gradle.cache.internal.btree.BTreePersistentIndexedCache] Closing cache file-access.bin (C:\Users\brian\AndroidStudioProjects\GADS-NoteKeeperApp-2021\caches\journal-1\file-access.bin)
2021-10-14T14:48:38.710+0300 [DEBUG] [org.gradle.cache.internal.DefaultFileLockManager] Releasing lock on journal cache (C:\Users\brian\AndroidStudioProjects\GADS-NoteKeeperApp-2021\caches\journal-1).
2021-10-14T14:48:38.711+0300 [DEBUG] [org.gradle.cache.internal.DefaultCacheAccess] Cache Generated Gradle JARs cache (C:\Users\brian\AndroidStudioProjects\GADS-NoteKeeperApp-2021\caches\7.0.2\generated-gradle-jars) was closed 0 times.
2021-10-14T14:48:38.711+0300 [DEBUG] [org.gradle.cache.internal.LockOnDemandCrossProcessCacheAccess] Releasing file lock for file hash cache (C:\Users\brian\AndroidStudioProjects\GADS-NoteKeeperApp-2021\caches\7.0.2\fileHashes)
2021-10-14T14:48:38.711+0300 [DEBUG] [org.gradle.cache.internal.btree.BTreePersistentIndexedCache] Closing cache fileHashes.bin (C:\Users\brian\AndroidStudioProjects\GADS-NoteKeeperApp-2021\caches\7.0.2\fileHashes\fileHashes.bin)
2021-10-14T14:48:38.711+0300 [DEBUG] [org.gradle.cache.internal.btree.BTreePersistentIndexedCache] Closing cache resourceHashesCache.bin (C:\Users\brian\AndroidStudioProjects\GADS-NoteKeeperApp-2021\caches\7.0.2\fileHashes\resourceHashesCache.bin)
2021-10-14T14:48:38.712+0300 [DEBUG] [org.gradle.cache.internal.DefaultFileLockManager] Releasing lock on file hash cache (C:\Users\brian\AndroidStudioProjects\GADS-NoteKeeperApp-2021\caches\7.0.2\fileHashes).
2021-10-14T14:48:38.713+0300 [DEBUG] [org.gradle.cache.internal.LockOnDemandCrossProcessCacheAccess] Releasing file lock for execution history cache (C:\Users\brian\AndroidStudioProjects\GADS-NoteKeeperApp-2021\caches\7.0.2\executionHistory)
2021-10-14T14:48:38.713+0300 [DEBUG] [org.gradle.cache.internal.btree.BTreePersistentIndexedCache] Closing cache executionHistory.bin (C:\Users\brian\AndroidStudioProjects\GADS-NoteKeeperApp-2021\caches\7.0.2\executionHistory\executionHistory.bin)
2021-10-14T14:48:38.714+0300 [DEBUG] [org.gradle.cache.internal.DefaultFileLockManager] Releasing lock on execution history cache (C:\Users\brian\AndroidStudioProjects\GADS-NoteKeeperApp-2021\caches\7.0.2\executionHistory).
Daemon vm is shutting down... The daemon has exited normally or was terminated in response to a user interrupt.
2021-10-14T14:48:38.717+0300 [DEBUG] [org.gradle.launcher.daemon.registry.PersistentDaemonRegistry] Removing daemon address: [b3ed28a6-24a7-4e44-b839-f8cfb36c3cf2 port:53780, addresses:[localhost/127.0.0.1]]
2021-10-14T14:48:38.717+0300 [DEBUG] [org.gradle.cache.internal.DefaultFileLockManager] Waiting to acquire exclusive lock on daemon addresses registry.
2021-10-14T14:48:38.718+0300 [DEBUG] [org.gradle.cache.internal.DefaultFileLockManager] Lock acquired on daemon addresses registry.
2021-10-14T14:48:38.718+0300 [DEBUG] [org.gradle.cache.internal.DefaultFileLockManager] Releasing lock on daemon addresses registry.
